2026/04/30 23:36:39 [INFO] 日志系统初始化完成
2026/04/30 23:36:39 [INFO] 数据库连接成功，表结构已自动迁移
2026/04/30 23:36:39 [INFO] 管理员账号已存在: admin
2026/04/30 23:36:39 [INFO] 数据已存在，跳过从CSV加载
2026/04/30 23:36:39 [INFO] 服务启动成功，监听端口: 8080
2026/04/30 23:37:16 [INFO] 请求 | 方法:GET | 路径:/js/main.js | 状态:200 | 耗时:46.2849ms | IP:::1
2026/04/30 23:37:16 [INFO] 请求 | 方法:GET | 路径:/data.json | 状态:304 | 耗时:0s | IP:::1
2026/04/30 23:38:10 [INFO] 请求 | 方法:GET | 路径:/ | 状态:200 | 耗时:529.6µs | IP:::1
2026/04/30 23:38:10 [INFO] 请求 | 方法:GET | 路径:/css/style.css | 状态:200 | 耗时:1.3465ms | IP:::1
2026/04/30 23:38:10 [INFO] 请求 | 方法:GET | 路径:/js/main.js | 状态:200 | 耗时:505.2µs | IP:::1
2026/04/30 23:38:10 [INFO] 请求 | 方法:GET | 路径:/data.json | 状态:200 | 耗时:0s | IP:::1
2026/04/30 23:46:10 [INFO] 日志系统初始化完成
2026/04/30 23:46:11 [INFO] 数据库连接成功，表结构已自动迁移
2026/04/30 23:46:11 [INFO] 管理员账号已存在: admin
2026/04/30 23:46:11 [INFO] 数据已存在，跳过从CSV加载
2026/04/30 23:46:11 [INFO] 服务启动成功，监听端口: 8080
2026/04/30 23:46:26 [INFO] 请求 | 方法:GET | 路径:/ | 状态:200 | 耗时:40.5238ms | IP:::1
2026/04/30 23:46:26 [INFO] 请求 | 方法:GET | 路径:/css/style.css | 状态:200 | 耗时:0s | IP:::1
2026/04/30 23:46:26 [INFO] 请求 | 方法:GET | 路径:/js/main.js | 状态:200 | 耗时:668.8µs | IP:::1
2026/04/30 23:46:26 [INFO] 请求 | 方法:GET | 路径:/data.json | 状态:200 | 耗时:0s | IP:::1
2026/04/30 23:46:39 [INFO] 请求 | 方法:POST | 路径:/api/login | 状态:401 | 耗时:14.7266ms | IP:::1
2026/04/30 23:46:51 [INFO] 请求 | 方法:POST | 路径:/api/login | 状态:401 | 耗时:1.0496ms | IP:::1
2026/04/30 23:47:08 [INFO] 请求 | 方法:POST | 路径:/api/login | 状态:401 | 耗时:1.1777ms | IP:::1
2026/04/30 23:47:26 [INFO] 请求 | 方法:POST | 路径:/api/register | 状态:200 | 耗时:55.6158ms | IP:::1
2026/04/30 23:47:30 [INFO] 请求 | 方法:POST | 路径:/api/login | 状态:200 | 耗时:58.0707ms | IP:::1
2026/04/30 23:47:30 [INFO] 请求 | 方法:GET | 路径:/api/history | 状态:200 | 耗时:0s | IP:::1
2026/04/30 23:47:35 [INFO] 请求 | 方法:POST | 路径:/api/history | 状态:500 | 耗时:1.1538ms | IP:::1
