2026/05/01 00:08:42 [INFO] 日志系统初始化完成
2026/05/01 00:08:42 [INFO] 数据库连接成功，表结构已自动迁移
2026/05/01 00:08:42 [INFO] 管理员账号已存在: admin
2026/05/01 00:08:42 [INFO] 数据已存在，跳过从CSV加载
2026/05/01 00:08:42 [INFO] 服务启动成功，监听端口: 8080
2026/05/01 00:08:58 [INFO] 请求 | 方法:GET | 路径:/js/main.js | 状态:304 | 耗时:535.4µs | IP:::1
2026/05/01 00:08:58 [INFO] 请求 | 方法:GET | 路径:/data.json | 状态:304 | 耗时:0s | IP:::1
2026/05/01 00:09:01 [INFO] 请求 | 方法:POST | 路径:/api/admin/favorites | 状态:200 | 耗时:3.0886ms | IP:::1
2026/05/01 00:09:02 [INFO] 请求 | 方法:POST | 路径:/api/admin/favorites | 状态:200 | 耗时:17.9596ms | IP:::1
2026/05/01 00:09:03 [INFO] 请求 | 方法:POST | 路径:/api/admin/favorites | 状态:200 | 耗时:2.6798ms | IP:::1
2026/05/01 00:09:04 [INFO] 请求 | 方法:POST | 路径:/api/admin/favorites | 状态:200 | 耗时:2.5556ms | IP:::1
2026/05/01 00:09:06 [INFO] 请求 | 方法:POST | 路径:/api/history | 状态:500 | 耗时:2.9691ms | IP:::1
2026/05/01 00:10:12 [INFO] 请求 | 方法:POST | 路径:/api/history | 状态:500 | 耗时:702.3µs | IP:::1
2026/05/01 00:10:12 [INFO] 请求 | 方法:GET | 路径:/json | 状态:200 | 耗时:43.4083ms | IP:::1
2026/05/01 00:10:12 [INFO] 请求 | 方法:GET | 路径:/favicon.ico | 状态:404 | 耗时:0s | IP:::1
2026/05/01 00:13:34 [INFO] 请求 | 方法:POST | 路径:/api/history | 状态:500 | 耗时:1.029ms | IP:::1
2026/05/01 00:14:55 [INFO] 请求 | 方法:POST | 路径:/api/history | 状态:500 | 耗时:1.0264ms | IP:::1
2026/05/01 00:15:32 [INFO] 请求 | 方法:POST | 路径:/api/history | 状态:500 | 耗时:504.6µs | IP:::1
2026/05/01 00:16:16 [INFO] 请求 | 方法:POST | 路径:/api/history | 状态:500 | 耗时:1.1988ms | IP:::1
2026/05/01 00:16:23 [INFO] 请求 | 方法:GET | 路径:/js/main.js | 状态:304 | 耗时:0s | IP:::1
2026/05/01 00:16:23 [INFO] 请求 | 方法:GET | 路径:/data.json | 状态:304 | 耗时:1.0049ms | IP:::1
2026/05/01 00:16:28 [INFO] 请求 | 方法:POST | 路径:/api/history | 状态:500 | 耗时:4.0109ms | IP:::1
2026/05/01 00:17:08 [INFO] 请求 | 方法:POST | 路径:/api/history | 状态:500 | 耗时:1.0343ms | IP:::1
2026/05/01 00:17:12 [INFO] 请求 | 方法:POST | 路径:/api/history | 状态:500 | 耗时:5.8511ms | IP:::1
2026/05/01 00:18:29 [INFO] 请求 | 方法:POST | 路径:/api/history | 状态:500 | 耗时:614.2µs | IP:::1
2026/05/01 00:19:07 [INFO] 请求 | 方法:POST | 路径:/api/history | 状态:500 | 耗时:1.0202ms | IP:::1
2026/05/01 00:21:32 [INFO] 请求 | 方法:POST | 路径:/api/history | 状态:500 | 耗时:1.0262ms | IP:::1
2026/05/01 00:24:48 [INFO] 请求 | 方法:POST | 路径:/api/history | 状态:500 | 耗时:2.0458ms | IP:::1
2026/05/01 00:25:20 [INFO] 请求 | 方法:POST | 路径:/api/history | 状态:500 | 耗时:1.0268ms | IP:::1
2026/05/01 00:28:32 [INFO] 请求 | 方法:POST | 路径:/api/history | 状态:500 | 耗时:1.2826ms | IP:::1
2026/05/01 00:28:35 [INFO] 请求 | 方法:POST | 路径:/api/history | 状态:500 | 耗时:508.4µs | IP:::1
2026/05/01 00:28:40 [INFO] 请求 | 方法:POST | 路径:/api/history | 状态:500 | 耗时:1.1329ms | IP:::1
2026/05/01 00:29:04 [INFO] 请求 | 方法:POST | 路径:/api/history | 状态:500 | 耗时:1.1663ms | IP:::1
2026/05/01 00:52:23 [INFO] 日志系统初始化完成
2026/05/01 00:52:24 [INFO] 数据库连接成功，表结构已自动迁移
2026/05/01 00:52:24 [INFO] 管理员账号已存在: admin
2026/05/01 00:52:24 [INFO] 数据已存在，跳过从CSV加载
2026/05/01 00:52:24 [INFO] 服务启动成功，监听端口: 8080
2026/05/01 00:52:34 [INFO] 请求 | 方法:GET | 路径:/css/style.css | 状态:200 | 耗时:46.6064ms | IP:::1
2026/05/01 00:52:34 [INFO] 请求 | 方法:GET | 路径:/js/main.js | 状态:200 | 耗时:42.7948ms | IP:::1
2026/05/01 00:52:34 [INFO] 请求 | 方法:GET | 路径:/data.json | 状态:304 | 耗时:0s | IP:::1
2026/05/01 00:52:38 [INFO] 请求 | 方法:POST | 路径:/api/history | 状态:500 | 耗时:6.0871ms | IP:::1
2026/05/01 00:52:38 [INFO] 请求 | 方法:GET | 路径:/tool | 状态:200 | 耗时:0s | IP:::1
2026/05/01 00:52:38 [INFO] 请求 | 方法:POST | 路径:/api/history | 状态:500 | 耗时:1.0231ms | IP:::1
2026/05/01 00:52:55 [INFO] 请求 | 方法:POST | 路径:/api/history | 状态:500 | 耗时:1.1254ms | IP:::1
2026/05/01 00:52:55 [INFO] 请求 | 方法:GET | 路径:/tool | 状态:200 | 耗时:0s | IP:::1
2026/05/01 00:52:55 [INFO] 请求 | 方法:POST | 路径:/api/history | 状态:500 | 耗时:912.7µs | IP:::1
2026/05/01 01:02:26 [INFO] 请求 | 方法:POST | 路径:/api/history | 状态:500 | 耗时:1.0457ms | IP:::1
2026/05/01 01:02:26 [INFO] 请求 | 方法:GET | 路径:/tool | 状态:304 | 耗时:0s | IP:::1
2026/05/01 01:02:26 [INFO] 请求 | 方法:GET | 路径:/data.json | 状态:304 | 耗时:0s | IP:::1
2026/05/01 01:02:26 [INFO] 请求 | 方法:POST | 路径:/api/history | 状态:500 | 耗时:2.028ms | IP:::1
2026/05/01 01:02:40 [INFO] 请求 | 方法:GET | 路径:/ | 状态:200 | 耗时:0s | IP:::1
2026/05/01 01:02:40 [INFO] 请求 | 方法:GET | 路径:/css/style.css | 状态:200 | 耗时:0s | IP:::1
2026/05/01 01:02:40 [INFO] 请求 | 方法:GET | 路径:/js/main.js | 状态:304 | 耗时:534.6µs | IP:::1
2026/05/01 01:02:46 [INFO] 请求 | 方法:POST | 路径:/api/history | 状态:500 | 耗时:1.0973ms | IP:::1
2026/05/01 01:02:46 [INFO] 请求 | 方法:POST | 路径:/api/history | 状态:500 | 耗时:505.3µs | IP:::1
2026/05/01 01:11:04 [INFO] 日志系统初始化完成
2026/05/01 01:11:04 [INFO] 数据库连接成功，表结构已自动迁移
2026/05/01 01:11:04 [INFO] 管理员账号已存在: admin
2026/05/01 01:11:04 [INFO] 数据已存在，跳过从CSV加载
2026/05/01 01:11:04 [INFO] 服务启动成功，监听端口: 8080
2026/05/01 01:11:11 [INFO] 请求 | 方法:GET | 路径:/ | 状态:304 | 耗时:0s | IP:::1
2026/05/01 01:11:11 [INFO] 请求 | 方法:GET | 路径:/css/style.css | 状态:304 | 耗时:463.4µs | IP:::1
2026/05/01 01:11:11 [INFO] 请求 | 方法:GET | 路径:/js/main.js | 状态:200 | 耗时:58.2501ms | IP:::1
2026/05/01 01:11:51 [INFO] 请求 | 方法:POST | 路径:/api/feedback | 状态:200 | 耗时:12.0223ms | IP:::1
2026/05/01 01:12:11 [INFO] 请求 | 方法:POST | 路径:/api/feedback | 状态:200 | 耗时:29.8353ms | IP:::1
2026/05/01 01:12:23 [INFO] 请求 | 方法:POST | 路径:/api/feedback | 状态:200 | 耗时:30.2226ms | IP:::1
2026/05/01 01:12:35 [INFO] 请求 | 方法:POST | 路径:/api/feedback | 状态:200 | 耗时:34.1921ms | IP:::1
2026/05/01 01:12:46 [INFO] 请求 | 方法:POST | 路径:/api/feedback | 状态:200 | 耗时:18.1248ms | IP:::1
2026/05/01 01:12:51 [INFO] 请求 | 方法:POST | 路径:/api/feedback | 状态:429 | 耗时:504.9µs | IP:::1
2026/05/01 01:16:22 [INFO] 请求 | 方法:GET | 路径:/ | 状态:304 | 耗时:0s | IP:::1
2026/05/01 01:16:22 [INFO] 请求 | 方法:GET | 路径:/css/style.css | 状态:200 | 耗时:0s | IP:::1
2026/05/01 01:16:22 [INFO] 请求 | 方法:GET | 路径:/js/main.js | 状态:200 | 耗时:521.6µs | IP:::1
2026/05/01 01:16:22 [INFO] 请求 | 方法:GET | 路径:/data.json | 状态:304 | 耗时:0s | IP:::1
2026/05/01 01:16:28 [INFO] 请求 | 方法:GET | 路径:/api/feedback/remaining | 状态:404 | 耗时:0s | IP:::1
2026/05/01 01:16:32 [INFO] 请求 | 方法:POST | 路径:/api/feedback | 状态:429 | 耗时:1.475ms | IP:::1
2026/05/01 01:17:37 [INFO] 请求 | 方法:DELETE | 路径:/api/admin/favorites/382 | 状态:200 | 耗时:16.339ms | IP:::1
2026/05/01 01:17:39 [INFO] 请求 | 方法:POST | 路径:/api/admin/favorites | 状态:200 | 耗时:3.7699ms | IP:::1
2026/05/01 01:17:44 [INFO] 请求 | 方法:POST | 路径:/api/history | 状态:500 | 耗时:1.6257ms | IP:::1
2026/05/01 01:18:03 [INFO] 请求 | 方法:GET | 路径:/ | 状态:304 | 耗时:0s | IP:::1
2026/05/01 01:18:03 [INFO] 请求 | 方法:GET | 路径:/css/style.css | 状态:200 | 耗时:515.8µs | IP:::1
2026/05/01 01:18:03 [INFO] 请求 | 方法:GET | 路径:/js/main.js | 状态:200 | 耗时:510.4µs | IP:::1
2026/05/01 01:18:50 [INFO] 请求 | 方法:GET | 路径:/css/style.css | 状态:304 | 耗时:0s | IP:::1
2026/05/01 01:18:50 [INFO] 请求 | 方法:GET | 路径:/js/main.js | 状态:304 | 耗时:629.8µs | IP:::1
2026/05/01 01:18:56 [INFO] 请求 | 方法:GET | 路径:/js/main.js | 状态:304 | 耗时:0s | IP:::1
2026/05/01 01:19:05 [INFO] 请求 | 方法:GET | 路径:/api/feedback/remaining | 状态:404 | 耗时:0s | IP:::1
2026/05/01 01:19:40 [INFO] 日志系统初始化完成
2026/05/01 01:19:40 [INFO] 数据库连接成功，表结构已自动迁移
2026/05/01 01:19:40 [INFO] 管理员账号已存在: admin
2026/05/01 01:19:40 [INFO] 数据已存在，跳过从CSV加载
2026/05/01 01:19:40 [INFO] 服务启动成功，监听端口: 8080
2026/05/01 01:19:52 [INFO] 请求 | 方法:POST | 路径:/api/history | 状态:500 | 耗时:1.7649ms | IP:::1
2026/05/01 01:20:00 [INFO] 请求 | 方法:GET | 路径:/ | 状态:304 | 耗时:0s | IP:::1
2026/05/01 01:20:00 [INFO] 请求 | 方法:GET | 路径:/js/main.js | 状态:304 | 耗时:0s | IP:::1
2026/05/01 01:20:00 [INFO] 请求 | 方法:GET | 路径:/css/style.css | 状态:200 | 耗时:45.3071ms | IP:::1
2026/05/01 01:21:16 [INFO] 请求 | 方法:POST | 路径:/api/history | 状态:500 | 耗时:1.0773ms | IP:::1
2026/05/01 01:21:25 [INFO] 请求 | 方法:GET | 路径:/js/main.js | 状态:304 | 耗时:0s | IP:::1
2026/05/01 01:21:25 [INFO] 请求 | 方法:GET | 路径:/css/style.css | 状态:200 | 耗时:0s | IP:::1
2026/05/01 01:21:36 [INFO] 请求 | 方法:GET | 路径:/api/feedback/remaining | 状态:200 | 耗时:507.9µs | IP:::1
2026/05/01 01:21:46 [INFO] 请求 | 方法:POST | 路径:/api/history | 状态:500 | 耗时:506.4µs | IP:::1
2026/05/01 01:23:26 [INFO] 请求 | 方法:POST | 路径:/api/history | 状态:500 | 耗时:0s | IP:::1
2026/05/01 01:24:56 [INFO] 请求 | 方法:GET | 路径:/ | 状态:304 | 耗时:506.4µs | IP:::1
2026/05/01 01:24:56 [INFO] 请求 | 方法:GET | 路径:/js/main.js | 状态:304 | 耗时:0s | IP:::1
2026/05/01 01:24:56 [INFO] 请求 | 方法:GET | 路径:/css/style.css | 状态:200 | 耗时:506.7µs | IP:::1
2026/05/01 01:25:00 [INFO] 请求 | 方法:POST | 路径:/api/history | 状态:500 | 耗时:1.0217ms | IP:::1
2026/05/01 01:25:03 [INFO] 请求 | 方法:POST | 路径:/api/history | 状态:500 | 耗时:2.0229ms | IP:::1
2026/05/01 01:25:18 [INFO] 请求 | 方法:POST | 路径:/api/history | 状态:500 | 耗时:1.1022ms | IP:::1
2026/05/01 01:25:18 [INFO] 请求 | 方法:GET | 路径:/tool | 状态:304 | 耗时:0s | IP:::1
2026/05/01 01:25:18 [INFO] 请求 | 方法:POST | 路径:/api/history | 状态:500 | 耗时:852.3µs | IP:::1
2026/05/01 01:25:19 [INFO] 请求 | 方法:GET | 路径:/json | 状态:304 | 耗时:0s | IP:::1
2026/05/01 01:25:47 [INFO] 请求 | 方法:POST | 路径:/api/history | 状态:500 | 耗时:511.7µs | IP:::1
2026/05/01 01:29:21 [INFO] 请求 | 方法:GET | 路径:/ | 状态:304 | 耗时:625.3µs | IP:::1
2026/05/01 01:29:21 [INFO] 请求 | 方法:GET | 路径:/css/style.css | 状态:304 | 耗时:0s | IP:::1
2026/05/01 01:29:21 [INFO] 请求 | 方法:GET | 路径:/js/main.js | 状态:200 | 耗时:506.1µs | IP:::1
2026/05/01 01:29:21 [INFO] 请求 | 方法:GET | 路径:/data.json | 状态:304 | 耗时:0s | IP:::1
2026/05/01 01:29:24 [INFO] 请求 | 方法:POST | 路径:/api/history | 状态:500 | 耗时:1.6091ms | IP:::1
2026/05/01 01:29:47 [INFO] 请求 | 方法:POST | 路径:/api/history | 状态:500 | 耗时:504.9µs | IP:::1
2026/05/01 01:30:32 [INFO] 请求 | 方法:POST | 路径:/api/history | 状态:500 | 耗时:2.8255ms | IP:::1
2026/05/01 01:30:46 [INFO] 请求 | 方法:POST | 路径:/api/history | 状态:500 | 耗时:1.0304ms | IP:::1
2026/05/01 01:31:13 [INFO] 请求 | 方法:POST | 路径:/api/history | 状态:500 | 耗时:505.7µs | IP:::1
2026/05/01 01:31:20 [INFO] 请求 | 方法:POST | 路径:/api/history | 状态:500 | 耗时:514µs | IP:::1
2026/05/01 01:35:15 [INFO] 请求 | 方法:POST | 路径:/api/history | 状态:500 | 耗时:1.0455ms | IP:::1
2026/05/01 01:35:25 [INFO] 请求 | 方法:POST | 路径:/api/history | 状态:500 | 耗时:1.0361ms | IP:::1
2026/05/01 01:35:36 [INFO] 请求 | 方法:POST | 路径:/api/history | 状态:500 | 耗时:2.0707ms | IP:::1
2026/05/01 01:35:48 [INFO] 请求 | 方法:GET | 路径:/ | 状态:304 | 耗时:0s | IP:::1
2026/05/01 01:35:48 [INFO] 请求 | 方法:GET | 路径:/css/style.css | 状态:304 | 耗时:0s | IP:::1
2026/05/01 01:35:48 [INFO] 请求 | 方法:GET | 路径:/js/main.js | 状态:200 | 耗时:506.1µs | IP:::1
2026/05/01 01:35:55 [INFO] 请求 | 方法:POST | 路径:/api/history | 状态:500 | 耗时:509.8µs | IP:::1
2026/05/01 01:36:53 [INFO] 请求 | 方法:POST | 路径:/api/history | 状态:500 | 耗时:600.3µs | IP:::1
2026/05/01 01:38:07 [INFO] 请求 | 方法:GET | 路径:/css/style.css | 状态:304 | 耗时:0s | IP:::1
2026/05/01 01:38:07 [INFO] 请求 | 方法:GET | 路径:/js/main.js | 状态:200 | 耗时:0s | IP:::1
2026/05/01 01:38:11 [INFO] 请求 | 方法:POST | 路径:/api/history | 状态:500 | 耗时:3.6405ms | IP:::1
2026/05/01 01:38:19 [INFO] 请求 | 方法:GET | 路径:/js/main.js | 状态:304 | 耗时:0s | IP:::1
2026/05/01 01:38:22 [INFO] 请求 | 方法:POST | 路径:/api/history | 状态:500 | 耗时:1.1138ms | IP:::1
2026/05/01 01:38:36 [INFO] 请求 | 方法:GET | 路径:/js/main.js | 状态:304 | 耗时:0s | IP:::1
2026/05/01 01:38:41 [INFO] 请求 | 方法:POST | 路径:/api/history | 状态:500 | 耗时:506.5µs | IP:::1
2026/05/01 01:40:32 [INFO] 请求 | 方法:GET | 路径:/ | 状态:200 | 耗时:0s | IP:::1
2026/05/01 01:40:32 [INFO] 请求 | 方法:GET | 路径:/css/style.css | 状态:200 | 耗时:0s | IP:::1
2026/05/01 01:40:32 [INFO] 请求 | 方法:GET | 路径:/js/main.js | 状态:200 | 耗时:0s | IP:::1
2026/05/01 01:40:32 [INFO] 请求 | 方法:GET | 路径:/data.json | 状态:200 | 耗时:0s | IP:::1
2026/05/01 01:42:54 [INFO] 请求 | 方法:GET | 路径:/css/style.css | 状态:304 | 耗时:0s | IP:::1
2026/05/01 01:42:54 [INFO] 请求 | 方法:GET | 路径:/js/main.js | 状态:304 | 耗时:0s | IP:::1
2026/05/01 01:43:49 [INFO] 请求 | 方法:GET | 路径:/js/main.js | 状态:200 | 耗时:645.1µs | IP:::1
2026/05/01 01:43:59 [INFO] 请求 | 方法:GET | 路径:/ | 状态:200 | 耗时:0s | IP:::1
2026/05/01 01:43:59 [INFO] 请求 | 方法:GET | 路径:/css/style.css | 状态:200 | 耗时:1.147ms | IP:::1
2026/05/01 01:43:59 [INFO] 请求 | 方法:GET | 路径:/js/main.js | 状态:200 | 耗时:504.5µs | IP:::1
2026/05/01 01:43:59 [INFO] 请求 | 方法:GET | 路径:/data.json | 状态:200 | 耗时:0s | IP:::1
2026/05/01 01:46:14 [INFO] 请求 | 方法:GET | 路径:/ | 状态:200 | 耗时:605.6µs | IP:::1
2026/05/01 01:46:14 [INFO] 请求 | 方法:GET | 路径:/css/style.css | 状态:200 | 耗时:0s | IP:::1
2026/05/01 01:46:14 [INFO] 请求 | 方法:GET | 路径:/js/main.js | 状态:200 | 耗时:504.6µs | IP:::1
2026/05/01 01:46:14 [INFO] 请求 | 方法:GET | 路径:/data.json | 状态:200 | 耗时:506.3µs | IP:::1
2026/05/01 01:47:40 [INFO] 请求 | 方法:GET | 路径:/tool | 状态:200 | 耗时:0s | IP:::1
2026/05/01 01:53:22 [INFO] 日志系统初始化完成
2026/05/01 01:53:22 [INFO] 数据库连接成功，表结构已自动迁移
2026/05/01 01:53:22 [INFO] 管理员账号已存在: admin
2026/05/01 01:53:22 [INFO] 强制初始化，清空现有数据...
2026/05/01 01:53:22 [INFO] 正在从CSV文件加载数据...
2026/05/01 01:53:22 [INFO] CSV数据加载完成！
2026/05/01 01:53:23 [INFO] 服务启动成功，监听端口: 8080
2026/05/01 01:53:23 [FATAL] 服务运行失败: listen tcp :8080: bind: Only one usage of each socket address (protocol/network address/port) is normally permitted.
2026/05/01 01:55:41 [INFO] 日志系统初始化完成
2026/05/01 01:55:41 [INFO] 数据库连接成功，表结构已自动迁移
2026/05/01 01:55:41 [INFO] 管理员账号已存在: admin
2026/05/01 01:55:41 [INFO] 数据已存在，跳过从CSV加载
2026/05/01 01:55:41 [INFO] 服务启动成功，监听端口: 8080
2026/05/01 01:56:00 [INFO] 请求 | 方法:GET | 路径:/ | 状态:200 | 耗时:45.5578ms | IP:::1
2026/05/01 01:56:00 [INFO] 请求 | 方法:GET | 路径:/css/style.css | 状态:200 | 耗时:0s | IP:::1
2026/05/01 01:56:00 [INFO] 请求 | 方法:GET | 路径:/js/main.js | 状态:200 | 耗时:951.8µs | IP:::1
2026/05/01 01:56:00 [INFO] 请求 | 方法:GET | 路径:/data.json | 状态:200 | 耗时:0s | IP:::1
2026/05/01 01:56:01 [INFO] 请求 | 方法:GET | 路径:/@vite/client | 状态:404 | 耗时:0s | IP:::1
2026/05/01 01:57:21 [INFO] 请求 | 方法:POST | 路径:/api/login | 状态:200 | 耗时:54.9131ms | IP:::1
2026/05/01 01:57:22 [INFO] 强制从CSV重新加载数据...
2026/05/01 01:57:22 [INFO] CSV数据强制重新加载完成！
2026/05/01 01:57:22 [INFO] 请求 | 方法:POST | 路径:/api/admin/reload-csv | 状态:200 | 耗时:111.7824ms | IP:::1
2026/05/01 01:57:22 [INFO] 请求 | 方法:POST | 路径:/api/admin/generate-static-data | 状态:200 | 耗时:2.909ms | IP:::1
2026/05/01 01:57:39 [INFO] 请求 | 方法:GET | 路径:/ | 状态:304 | 耗时:506.9µs | IP:::1
2026/05/01 01:57:39 [INFO] 请求 | 方法:GET | 路径:/css/style.css | 状态:304 | 耗时:505.9µs | IP:::1
2026/05/01 01:57:39 [INFO] 请求 | 方法:GET | 路径:/js/main.js | 状态:304 | 耗时:623.5µs | IP:::1
2026/05/01 01:58:04 [INFO] 请求 | 方法:POST | 路径:/api/login | 状态:401 | 耗时:60.5058ms | IP:::1
2026/05/01 01:58:15 [INFO] 请求 | 方法:POST | 路径:/api/login | 状态:200 | 耗时:53.0273ms | IP:::1
2026/05/01 01:58:15 [INFO] 请求 | 方法:GET | 路径:/api/history | 状态:200 | 耗时:0s | IP:::1
2026/05/01 01:58:17 [INFO] 请求 | 方法:GET | 路径:/api/tools | 状态:200 | 耗时:3.6246ms | IP:::1
2026/05/01 01:58:17 [INFO] 请求 | 方法:GET | 路径:/api/categories | 状态:200 | 耗时:6.3634ms | IP:::1
2026/05/01 01:58:28 [INFO] 请求 | 方法:GET | 路径:/admin | 状态:200 | 耗时:594.8µs | IP:::1
2026/05/01 01:58:28 [INFO] 请求 | 方法:GET | 路径:/api/admin/profile | 状态:200 | 耗时:1.0221ms | IP:::1
2026/05/01 01:58:28 [INFO] 请求 | 方法:GET | 路径:/api/categories | 状态:200 | 耗时:1.1134ms | IP:::1
2026/05/01 01:58:28 [INFO] 请求 | 方法:GET | 路径:/api/tools | 状态:200 | 耗时:2.2964ms | IP:::1
2026/05/01 01:59:10 [INFO] 请求 | 方法:GET | 路径:/js/main.js | 状态:304 | 耗时:2.0264ms | IP:::1
2026/05/01 01:59:42 [INFO] 请求 | 方法:GET | 路径:/ | 状态:304 | 耗时:592.9µs | IP:::1
2026/05/01 01:59:55 [INFO] 请求 | 方法:POST | 路径:/api/login | 状态:401 | 耗时:71.1111ms | IP:::1
2026/05/01 02:00:09 [INFO] 请求 | 方法:POST | 路径:/api/login | 状态:200 | 耗时:73.2057ms | IP:::1
2026/05/01 02:00:09 [INFO] 请求 | 方法:GET | 路径:/api/history | 状态:200 | 耗时:0s | IP:::1
2026/05/01 02:01:54 [INFO] 请求 | 方法:GET | 路径:/api/admin/profile | 状态:200 | 耗时:1.2789ms | IP:::1
2026/05/01 02:01:54 [INFO] 请求 | 方法:GET | 路径:/api/categories | 状态:200 | 耗时:514.8µs | IP:::1
2026/05/01 02:01:54 [INFO] 请求 | 方法:GET | 路径:/api/tools | 状态:200 | 耗时:1.6161ms | IP:::1
2026/05/01 02:04:58 [INFO] 请求 | 方法:GET | 路径:/ | 状态:304 | 耗时:621.7µs | IP:::1
2026/05/01 02:04:58 [INFO] 请求 | 方法:GET | 路径:/css/style.css | 状态:304 | 耗时:0s | IP:::1
2026/05/01 02:04:58 [INFO] 请求 | 方法:GET | 路径:/js/main.js | 状态:200 | 耗时:1.0574ms | IP:::1
2026/05/01 02:04:58 [INFO] 请求 | 方法:GET | 路径:/data.json | 状态:200 | 耗时:505.4µs | IP:::1
2026/05/01 02:04:58 [INFO] 请求 | 方法:GET | 路径:/@vite/client | 状态:404 | 耗时:0s | IP:::1
2026/05/01 02:05:16 [INFO] 请求 | 方法:POST | 路径:/api/login | 状态:200 | 耗时:51.8476ms | IP:::1
2026/05/01 02:05:16 [INFO] 请求 | 方法:GET | 路径:/api/history | 状态:200 | 耗时:0s | IP:::1
2026/05/01 02:05:16 [INFO] 请求 | 方法:DELETE | 路径:/api/admin/favorites/265 | 状态:200 | 耗时:4.0503ms | IP:::1
2026/05/01 02:05:20 [INFO] 请求 | 方法:POST | 路径:/api/admin/favorites | 状态:200 | 耗时:2.5829ms | IP:::1
2026/05/01 02:07:02 [INFO] 日志系统初始化完成
2026/05/01 02:07:03 [INFO] 数据库连接成功，表结构已自动迁移
2026/05/01 02:07:03 [INFO] 管理员账号已存在: admin
2026/05/01 02:07:03 [INFO] 数据已存在，跳过从CSV加载
2026/05/01 02:07:03 [INFO] 服务启动成功，监听端口: 8080
2026/05/01 02:07:24 [INFO] 请求 | 方法:POST | 路径:/api/login | 状态:200 | 耗时:52.5896ms | IP:::1
2026/05/01 02:07:24 [INFO] 请求 | 方法:GET | 路径:/api/admin/feedbacks | 状态:200 | 耗时:1.0183ms | IP:::1
2026/05/01 02:08:07 [INFO] 日志系统初始化完成
2026/05/01 02:08:07 [INFO] 数据库连接成功，表结构已自动迁移
2026/05/01 02:08:07 [INFO] 管理员账号已存在: admin
2026/05/01 02:08:07 [INFO] 数据已存在，跳过从CSV加载
2026/05/01 02:08:07 [INFO] 服务启动成功，监听端口: 8080
2026/05/01 02:08:07 [FATAL] 服务运行失败: listen tcp :8080: bind: Only one usage of each socket address (protocol/network address/port) is normally permitted.
2026/05/01 02:08:24 [INFO] 日志系统初始化完成
2026/05/01 02:08:24 [INFO] 数据库连接成功，表结构已自动迁移
2026/05/01 02:08:24 [INFO] 管理员账号已存在: admin
2026/05/01 02:08:24 [INFO] 数据已存在，跳过从CSV加载
2026/05/01 02:08:24 [INFO] 服务启动成功，监听端口: 8080
2026/05/01 02:08:24 [FATAL] 服务运行失败: listen tcp :8080: bind: Only one usage of each socket address (protocol/network address/port) is normally permitted.
2026/05/01 02:09:02 [INFO] 日志系统初始化完成
2026/05/01 02:09:02 [INFO] 数据库连接成功，表结构已自动迁移
2026/05/01 02:09:02 [INFO] 管理员账号已存在: admin
2026/05/01 02:09:02 [INFO] 数据已存在，跳过从CSV加载
2026/05/01 02:09:02 [INFO] 服务启动成功，监听端口: 8080
2026/05/01 02:09:09 [INFO] 请求 | 方法:GET | 路径:/api/admin/profile | 状态:200 | 耗时:1.6796ms | IP:::1
2026/05/01 02:09:09 [INFO] 请求 | 方法:GET | 路径:/api/categories | 状态:200 | 耗时:625.7µs | IP:::1
2026/05/01 02:09:09 [INFO] 请求 | 方法:GET | 路径:/api/tools | 状态:200 | 耗时:2.3537ms | IP:::1
2026/05/01 02:09:32 [INFO] 请求 | 方法:GET | 路径:/admin | 状态:200 | 耗时:48.4814ms | IP:::1
2026/05/01 02:09:32 [INFO] 请求 | 方法:GET | 路径:/api/admin/profile | 状态:200 | 耗时:1.0523ms | IP:::1
2026/05/01 02:09:32 [INFO] 请求 | 方法:GET | 路径:/api/categories | 状态:200 | 耗时:505.4µs | IP:::1
2026/05/01 02:09:32 [INFO] 请求 | 方法:GET | 路径:/api/tools | 状态:200 | 耗时:2.5523ms | IP:::1
2026/05/01 02:11:05 [INFO] 请求 | 方法:GET | 路径:/api/tools | 状态:200 | 耗时:2.0759ms | IP:::1
2026/05/01 02:12:48 [INFO] 请求 | 方法:GET | 路径:/admin | 状态:200 | 耗时:0s | IP:::1
2026/05/01 02:12:48 [INFO] 请求 | 方法:GET | 路径:/api/admin/profile | 状态:200 | 耗时:1.0313ms | IP:::1
2026/05/01 02:12:48 [INFO] 请求 | 方法:GET | 路径:/api/categories | 状态:200 | 耗时:685.9µs | IP:::1
2026/05/01 02:12:48 [INFO] 请求 | 方法:GET | 路径:/api/tools | 状态:200 | 耗时:1.56ms | IP:::1
2026/05/01 02:12:48 [INFO] 请求 | 方法:GET | 路径:/@vite/client | 状态:404 | 耗时:0s | IP:::1
2026/05/01 02:12:58 [INFO] 日志系统初始化完成
2026/05/01 02:12:58 [INFO] 数据库连接成功，表结构已自动迁移
2026/05/01 02:12:58 [INFO] 管理员账号已存在: admin
2026/05/01 02:12:58 [INFO] 数据已存在，跳过从CSV加载
2026/05/01 02:12:58 [INFO] 服务启动成功，监听端口: 8080
2026/05/01 02:12:58 [FATAL] 服务运行失败: listen tcp :8080: bind: Only one usage of each socket address (protocol/network address/port) is normally permitted.
2026/05/01 02:13:09 [INFO] 请求 | 方法:GET | 路径:/api/admin/feedbacks | 状态:200 | 耗时:2.8358ms | IP:::1
2026/05/01 02:13:14 [INFO] 请求 | 方法:GET | 路径:/uploads/feedback/feedback_1777569155176999700_RED5B16N.png | 状态:200 | 耗时:3.8374ms | IP:::1
2026/05/01 02:13:14 [INFO] 请求 | 方法:GET | 路径:/@vite/client | 状态:404 | 耗时:0s | IP:::1
2026/05/01 02:13:15 [INFO] 请求 | 方法:GET | 路径:/admin | 状态:304 | 耗时:0s | IP:::1
2026/05/01 02:13:15 [INFO] 请求 | 方法:GET | 路径:/api/admin/profile | 状态:200 | 耗时:1.0262ms | IP:::1
2026/05/01 02:13:15 [INFO] 请求 | 方法:GET | 路径:/api/categories | 状态:200 | 耗时:1.5814ms | IP:::1
2026/05/01 02:13:15 [INFO] 请求 | 方法:GET | 路径:/api/tools | 状态:200 | 耗时:2.1904ms | IP:::1
2026/05/01 02:13:15 [INFO] 请求 | 方法:GET | 路径:/@vite/client | 状态:404 | 耗时:0s | IP:::1
2026/05/01 02:13:19 [INFO] 请求 | 方法:GET | 路径:/api/admin/feedbacks | 状态:200 | 耗时:509.1µs | IP:::1
2026/05/01 02:13:21 [INFO] 请求 | 方法:GET | 路径:/@vite/client | 状态:404 | 耗时:0s | IP:::1
2026/05/01 02:14:54 [INFO] 日志系统初始化完成
2026/05/01 02:14:54 [INFO] 数据库连接成功，表结构已自动迁移
2026/05/01 02:14:54 [INFO] 管理员账号已存在: admin
2026/05/01 02:14:54 [INFO] 数据已存在，跳过从CSV加载
2026/05/01 02:14:54 [INFO] 服务启动成功，监听端口: 8080
2026/05/01 02:15:14 [INFO] 请求 | 方法:POST | 路径:/api/login | 状态:200 | 耗时:52.9882ms | IP:::1
2026/05/01 02:15:14 [INFO] 请求 | 方法:GET | 路径:/api/admin/feedbacks | 状态:200 | 耗时:1.5082ms | IP:::1
2026/05/01 02:15:14 [INFO] 请求 | 方法:GET | 路径:/api/admin/export | 状态:200 | 耗时:2.4626ms | IP:::1
2026/05/01 02:15:24 [INFO] 请求 | 方法:POST | 路径:/api/login | 状态:401 | 耗时:52.832ms | IP:::1
2026/05/01 02:15:24 [INFO] 请求 | 方法:GET | 路径:/api/admin/feedbacks | 状态:401 | 耗时:0s | IP:::1
2026/05/01 02:15:24 [INFO] 请求 | 方法:GET | 路径:/api/admin/export | 状态:401 | 耗时:0s | IP:::1
2026/05/01 02:15:36 [INFO] 请求 | 方法:POST | 路径:/api/register | 状态:200 | 耗时:80.1295ms | IP:::1
2026/05/01 02:15:37 [INFO] 请求 | 方法:POST | 路径:/api/login | 状态:200 | 耗时:56.0569ms | IP:::1
2026/05/01 02:15:37 [INFO] 请求 | 方法:GET | 路径:/api/admin/feedbacks | 状态:403 | 耗时:0s | IP:::1
2026/05/01 02:17:23 [INFO] 请求 | 方法:GET | 路径:/ | 状态:200 | 耗时:44.9093ms | IP:::1
2026/05/01 02:17:23 [INFO] 请求 | 方法:GET | 路径:/css/style.css | 状态:200 | 耗时:338.5µs | IP:::1
2026/05/01 02:17:23 [INFO] 请求 | 方法:GET | 路径:/js/main.js | 状态:200 | 耗时:827.7µs | IP:::1
2026/05/01 02:17:23 [INFO] 请求 | 方法:GET | 路径:/data.json | 状态:200 | 耗时:507.1µs | IP:::1
2026/05/01 02:17:43 [INFO] 请求 | 方法:GET | 路径:/tool | 状态:200 | 耗时:0s | IP:::1
2026/05/01 02:23:43 [INFO] 日志系统初始化完成
2026/05/01 02:23:43 [INFO] 数据库连接成功，表结构已自动迁移
2026/05/01 02:23:43 [INFO] 管理员账号已存在: admin
2026/05/01 02:23:43 [INFO] 数据已存在，跳过从CSV加载
2026/05/01 02:23:43 [INFO] 服务启动成功，监听端口: 8080
2026/05/01 02:23:51 [INFO] 请求 | 方法:POST | 路径:/api/login | 状态:200 | 耗时:55.1286ms | IP:::1
2026/05/01 02:23:51 [INFO] 强制从CSV重新加载数据...
2026/05/01 02:23:52 [INFO] CSV数据强制重新加载完成！
2026/05/01 02:23:52 [INFO] 请求 | 方法:POST | 路径:/api/admin/reload-csv | 状态:200 | 耗时:139.223ms | IP:::1
2026/05/01 02:23:52 [INFO] 请求 | 方法:POST | 路径:/api/admin/generate-static-data | 状态:200 | 耗时:4.4331ms | IP:::1
2026/05/01 02:24:39 [INFO] 请求 | 方法:GET | 路径:/ | 状态:304 | 耗时:506.6µs | IP:::1
2026/05/01 02:24:39 [INFO] 请求 | 方法:GET | 路径:/css/style.css | 状态:304 | 耗时:1.0178ms | IP:::1
2026/05/01 02:24:39 [INFO] 请求 | 方法:GET | 路径:/js/main.js | 状态:200 | 耗时:43.2784ms | IP:::1
2026/05/01 02:24:39 [INFO] 请求 | 方法:GET | 路径:/data.json | 状态:200 | 耗时:508.3µs | IP:::1
2026/05/01 02:24:39 [INFO] 请求 | 方法:DELETE | 路径:/api/admin/favorites/486 | 状态:200 | 耗时:2.8087ms | IP:::1
2026/05/01 02:24:39 [INFO] 请求 | 方法:GET | 路径:/api/admin/favorites | 状态:200 | 耗时:1.0196ms | IP:::1
2026/05/01 02:24:39 [INFO] 请求 | 方法:GET | 路径:/@vite/client | 状态:404 | 耗时:0s | IP:::1
2026/05/01 02:24:41 [INFO] 请求 | 方法:POST | 路径:/api/history | 状态:500 | 耗时:781.1µs | IP:::1
2026/05/01 02:24:41 [INFO] 请求 | 方法:POST | 路径:/api/history | 状态:500 | 耗时:6.5771ms | IP:::1
2026/05/01 02:24:55 [INFO] 请求 | 方法:POST | 路径:/api/history | 状态:500 | 耗时:2.8556ms | IP:::1
2026/05/01 02:24:55 [INFO] 请求 | 方法:POST | 路径:/api/history | 状态:500 | 耗时:2.8556ms | IP:::1
2026/05/01 02:25:27 [INFO] 请求 | 方法:GET | 路径:/ | 状态:304 | 耗时:507.8µs | IP:::1
2026/05/01 02:25:27 [INFO] 请求 | 方法:GET | 路径:/css/style.css | 状态:304 | 耗时:0s | IP:::1
2026/05/01 02:25:27 [INFO] 请求 | 方法:GET | 路径:/js/main.js | 状态:200 | 耗时:517.5µs | IP:::1
2026/05/01 02:25:27 [INFO] 请求 | 方法:GET | 路径:/data.json | 状态:200 | 耗时:505.7µs | IP:::1
2026/05/01 02:27:43 [INFO] 请求 | 方法:GET | 路径:/ | 状态:200 | 耗时:1.0125ms | IP:::1
2026/05/01 02:27:43 [INFO] 请求 | 方法:GET | 路径:/css/style.css | 状态:200 | 耗时:1.0639ms | IP:::1
2026/05/01 02:27:43 [INFO] 请求 | 方法:GET | 路径:/js/main.js | 状态:200 | 耗时:1.0221ms | IP:::1
2026/05/01 02:27:43 [INFO] 请求 | 方法:GET | 路径:/data.json | 状态:200 | 耗时:509.5µs | IP:::1
2026/05/01 02:27:45 [INFO] 请求 | 方法:GET | 路径:/tool | 状态:200 | 耗时:0s | IP:::1
2026/05/01 02:43:58 [INFO] 请求 | 方法:POST | 路径:/api/login | 状态:200 | 耗时:71.6453ms | IP:::1
2026/05/01 02:43:58 [INFO] 请求 | 方法:GET | 路径:/api/history | 状态:200 | 耗时:0s | IP:::1
2026/05/01 02:45:41 [INFO] 日志系统初始化完成
2026/05/01 02:45:41 [INFO] 数据库连接成功，表结构已自动迁移
2026/05/01 02:45:41 [INFO] 管理员账号已存在: admin
2026/05/01 02:45:41 [INFO] 数据已存在，跳过从CSV加载
2026/05/01 02:45:41 [INFO] 服务启动成功，监听端口: 8080
2026/05/01 02:46:27 [INFO] 请求 | 方法:GET | 路径:/ | 状态:304 | 耗时:753.8µs | IP:::1
2026/05/01 02:46:27 [INFO] 请求 | 方法:GET | 路径:/css/style.css | 状态:304 | 耗时:504.5µs | IP:::1
2026/05/01 02:46:27 [INFO] 请求 | 方法:GET | 路径:/js/main.js | 状态:200 | 耗时:50.6304ms | IP:::1
2026/05/01 02:46:27 [INFO] 请求 | 方法:GET | 路径:/data.json | 状态:304 | 耗时:0s | IP:::1
2026/05/01 02:46:27 [INFO] 请求 | 方法:GET | 路径:/api/admin/favorites | 状态:200 | 耗时:1.5368ms | IP:::1
2026/05/01 02:46:28 [INFO] 请求 | 方法:POST | 路径:/api/history | 状态:500 | 耗时:514.3µs | IP:::1
2026/05/01 02:46:28 [INFO] 请求 | 方法:GET | 路径:/tool | 状态:304 | 耗时:0s | IP:::1
2026/05/01 02:46:28 [INFO] 请求 | 方法:POST | 路径:/api/history | 状态:500 | 耗时:1.0615ms | IP:::1
2026/05/01 02:46:35 [INFO] 请求 | 方法:POST | 路径:/api/history | 状态:500 | 耗时:506.1µs | IP:::1
2026/05/01 02:46:35 [INFO] 请求 | 方法:GET | 路径:/tool | 状态:200 | 耗时:506.9µs | IP:::1
2026/05/01 02:46:35 [INFO] 请求 | 方法:POST | 路径:/api/history | 状态:500 | 耗时:506.9µs | IP:::1
2026/05/01 02:46:39 [INFO] 请求 | 方法:POST | 路径:/api/history | 状态:500 | 耗时:1.007ms | IP:::1
2026/05/01 02:46:39 [INFO] 请求 | 方法:GET | 路径:/tool | 状态:200 | 耗时:509.7µs | IP:::1
2026/05/01 02:46:39 [INFO] 请求 | 方法:POST | 路径:/api/history | 状态:500 | 耗时:506.9µs | IP:::1
2026/05/01 02:46:47 [INFO] 请求 | 方法:GET | 路径:/ | 状态:200 | 耗时:507.2µs | IP:::1
2026/05/01 02:46:47 [INFO] 请求 | 方法:GET | 路径:/css/style.css | 状态:200 | 耗时:1.5387ms | IP:::1
2026/05/01 02:46:47 [INFO] 请求 | 方法:GET | 路径:/js/main.js | 状态:200 | 耗时:1.0229ms | IP:::1
2026/05/01 02:46:47 [INFO] 请求 | 方法:GET | 路径:/data.json | 状态:200 | 耗时:575.1µs | IP:::1
2026/05/01 02:46:47 [INFO] 请求 | 方法:DELETE | 路径:/api/admin/favorites/265 | 状态:200 | 耗时:1.5208ms | IP:::1
2026/05/01 02:46:47 [INFO] 请求 | 方法:GET | 路径:/api/admin/favorites | 状态:200 | 耗时:504.8µs | IP:::1
2026/05/01 02:46:50 [INFO] 请求 | 方法:POST | 路径:/api/history | 状态:500 | 耗时:5.0607ms | IP:::1
2026/05/01 02:46:50 [INFO] 请求 | 方法:GET | 路径:/tool | 状态:200 | 耗时:539.9µs | IP:::1
2026/05/01 02:46:50 [INFO] 请求 | 方法:POST | 路径:/api/history | 状态:500 | 耗时:1.5137ms | IP:::1
2026/05/01 02:50:21 [INFO] 日志系统初始化完成
2026/05/01 02:50:21 [INFO] 数据库连接成功，表结构已自动迁移
2026/05/01 02:50:21 [INFO] 管理员账号已存在: admin
2026/05/01 02:50:21 [INFO] 强制初始化，清空现有数据...
2026/05/01 02:50:21 [INFO] 正在从CSV文件加载数据...
2026/05/01 02:50:21 [INFO] CSV数据加载完成！
2026/05/01 02:50:21 [INFO] 服务启动成功，监听端口: 8080
2026/05/01 02:50:21 [INFO] 请求 | 方法:GET | 路径:/js/main.js | 状态:200 | 耗时:62.6524ms | IP:::1
2026/05/01 02:50:21 [INFO] 请求 | 方法:GET | 路径:/data.json | 状态:304 | 耗时:0s | IP:::1
2026/05/01 02:50:21 [INFO] 请求 | 方法:GET | 路径:/api/admin/favorites | 状态:200 | 耗时:1.1385ms | IP:::1
2026/05/01 02:50:28 [INFO] 请求 | 方法:GET | 路径:/js/main.js | 状态:304 | 耗时:507µs | IP:::1
2026/05/01 02:50:28 [INFO] 请求 | 方法:GET | 路径:/api/admin/favorites | 状态:200 | 耗时:1.0285ms | IP:::1
2026/05/01 02:50:31 [INFO] 请求 | 方法:POST | 路径:/api/history | 状态:500 | 耗时:1.0616ms | IP:::1
2026/05/01 02:50:31 [INFO] 请求 | 方法:POST | 路径:/api/history | 状态:500 | 耗时:505.5µs | IP:::1
2026/05/01 02:50:52 [INFO] 请求 | 方法:GET | 路径:/favicon.ico | 状态:404 | 耗时:0s | IP:::1
2026/05/01 02:51:04 [INFO] 请求 | 方法:POST | 路径:/api/history | 状态:500 | 耗时:1.0432ms | IP:::1
2026/05/01 02:51:07 [INFO] 请求 | 方法:GET | 路径:/js/main.js | 状态:304 | 耗时:716.1µs | IP:::1
2026/05/01 02:51:07 [INFO] 请求 | 方法:GET | 路径:/api/admin/favorites | 状态:200 | 耗时:1.0228ms | IP:::1
2026/05/01 02:51:09 [INFO] 请求 | 方法:POST | 路径:/api/history | 状态:500 | 耗时:525.9µs | IP:::1
2026/05/01 02:51:09 [INFO] 请求 | 方法:POST | 路径:/api/history | 状态:500 | 耗时:504.5µs | IP:::1
2026/05/01 02:51:31 [INFO] 请求 | 方法:GET | 路径:/ | 状态:200 | 耗时:0s | IP:::1
2026/05/01 02:51:31 [INFO] 请求 | 方法:GET | 路径:/css/style.css | 状态:200 | 耗时:508.7µs | IP:::1
2026/05/01 02:51:31 [INFO] 请求 | 方法:GET | 路径:/js/main.js | 状态:200 | 耗时:1.0474ms | IP:::1
2026/05/01 02:51:31 [INFO] 请求 | 方法:GET | 路径:/data.json | 状态:200 | 耗时:0s | IP:::1
2026/05/01 02:51:35 [INFO] 请求 | 方法:GET | 路径:/tool | 状态:200 | 耗时:0s | IP:::1
2026/05/01 02:52:27 [INFO] 请求 | 方法:GET | 路径:/json | 状态:200 | 耗时:1.2532ms | IP:::1
2026/05/01 02:52:27 [INFO] 请求 | 方法:GET | 路径:/favicon.ico | 状态:404 | 耗时:0s | IP:::1
2026/05/01 02:54:36 [INFO] 日志系统初始化完成
2026/05/01 02:54:36 [INFO] 数据库连接成功，表结构已自动迁移
2026/05/01 02:54:36 [INFO] 管理员账号已存在: admin
2026/05/01 02:54:36 [INFO] 数据已存在，跳过从CSV加载
2026/05/01 02:54:36 [INFO] 服务启动成功，监听端口: 8080
2026/05/01 02:55:26 [INFO] 日志系统初始化完成
2026/05/01 02:55:26 [INFO] 数据库连接成功，表结构已自动迁移
2026/05/01 02:55:26 [INFO] 管理员账号已存在: admin
2026/05/01 02:55:26 [INFO] 数据已存在，跳过从CSV加载
2026/05/01 02:55:26 [INFO] 服务启动成功，监听端口: 8080
2026/05/01 02:58:06 [INFO] 请求 | 方法:GET | 路径:/，点击 | 状态:404 | 耗时:0s | IP:::1
2026/05/01 02:58:06 [INFO] 请求 | 方法:GET | 路径:/@vite/client | 状态:404 | 耗时:0s | IP:::1
2026/05/01 02:58:20 [INFO] 请求 | 方法:GET | 路径:/js/main.js | 状态:200 | 耗时:46.3208ms | IP:::1
2026/05/01 02:58:20 [INFO] 请求 | 方法:GET | 路径:/data.json | 状态:304 | 耗时:1.3812ms | IP:::1
2026/05/01 02:58:21 [INFO] 请求 | 方法:GET | 路径:/tool | 状态:200 | 耗时:506.1µs | IP:::1
2026/05/01 02:58:34 [INFO] 请求 | 方法:GET | 路径:/js/main.js | 状态:304 | 耗时:1.1181ms | IP:::1
2026/05/01 03:00:18 [INFO] 请求 | 方法:GET | 路径:/css/style.css | 状态:304 | 耗时:552.7µs | IP:::1
2026/05/01 03:00:18 [INFO] 请求 | 方法:GET | 路径:/js/main.js | 状态:304 | 耗时:898.4µs | IP:::1
2026/05/01 03:02:27 [INFO] 请求 | 方法:POST | 路径:/api/login | 状态:401 | 耗时:52.4484ms | IP:::1
2026/05/01 03:02:27 [INFO] 请求 | 方法:PUT | 路径:/api/admin/tools/553 | 状态:401 | 耗时:0s | IP:::1
2026/05/01 03:02:41 [INFO] 请求 | 方法:POST | 路径:/api/login | 状态:200 | 耗时:53.0511ms | IP:::1
2026/05/01 03:02:41 [INFO] 请求 | 方法:PUT | 路径:/api/admin/tools/553 | 状态:404 | 耗时:506.3µs | IP:::1
2026/05/01 03:02:51 [INFO] 请求 | 方法:GET | 路径:/api/tools | 状态:200 | 耗时:1.7967ms | IP:::1
2026/05/01 03:03:44 [INFO] 请求 | 方法:GET | 路径:/api/tools | 状态:200 | 耗时:2.16ms | IP:::1
2026/05/01 03:05:05 [INFO] 请求 | 方法:POST | 路径:/api/login | 状态:200 | 耗时:51.74ms | IP:::1
2026/05/01 03:05:05 [INFO] 请求 | 方法:POST | 路径:/api/admin/generate-static-data | 状态:200 | 耗时:3.3847ms | IP:::1
2026/05/01 03:05:54 [INFO] 请求 | 方法:GET | 路径:/ | 状态:304 | 耗时:551.4µs | IP:::1
2026/05/01 03:05:54 [INFO] 请求 | 方法:GET | 路径:/css/style.css | 状态:304 | 耗时:1.5065ms | IP:::1
2026/05/01 03:05:54 [INFO] 请求 | 方法:GET | 路径:/js/main.js | 状态:200 | 耗时:545.5µs | IP:::1
2026/05/01 03:05:54 [INFO] 请求 | 方法:GET | 路径:/data.json | 状态:200 | 耗时:0s | IP:::1
2026/05/01 03:05:54 [INFO] 请求 | 方法:GET | 路径:/api/admin/favorites | 状态:200 | 耗时:1.1153ms | IP:::1
2026/05/01 03:05:54 [INFO] 请求 | 方法:GET | 路径:/@vite/client | 状态:404 | 耗时:0s | IP:::1
2026/05/01 03:05:57 [INFO] 请求 | 方法:POST | 路径:/api/history | 状态:500 | 耗时:4.3217ms | IP:::1
2026/05/01 03:05:57 [INFO] 请求 | 方法:GET | 路径:/json/format | 状态:200 | 耗时:1.2261ms | IP:::1
2026/05/01 03:05:57 [INFO] 请求 | 方法:GET | 路径:/@vite/client | 状态:404 | 耗时:0s | IP:::1
2026/05/01 03:05:59 [INFO] 请求 | 方法:GET | 路径:/data.json | 状态:304 | 耗时:528.4µs | IP:::1
2026/05/01 03:05:59 [INFO] 请求 | 方法:GET | 路径:/api/admin/favorites | 状态:200 | 耗时:2.0322ms | IP:::1
2026/05/01 03:05:59 [INFO] 请求 | 方法:GET | 路径:/@vite/client | 状态:404 | 耗时:0s | IP:::1
2026/05/01 03:06:01 [INFO] 请求 | 方法:POST | 路径:/api/history | 状态:500 | 耗时:508.5µs | IP:::1
2026/05/01 03:06:01 [INFO] 请求 | 方法:GET | 路径:/tool | 状态:200 | 耗时:0s | IP:::1
2026/05/01 03:06:02 [INFO] 请求 | 方法:POST | 路径:/api/history | 状态:500 | 耗时:1.0284ms | IP:::1
2026/05/01 03:06:04 [INFO] 请求 | 方法:GET | 路径:/api/admin/favorites | 状态:200 | 耗时:506.7µs | IP:::1
2026/05/01 03:06:04 [INFO] 请求 | 方法:GET | 路径:/@vite/client | 状态:404 | 耗时:0s | IP:::1
2026/05/01 03:06:06 [INFO] 请求 | 方法:POST | 路径:/api/history | 状态:500 | 耗时:506.8µs | IP:::1
2026/05/01 03:07:34 [INFO] 请求 | 方法:GET | 路径:/api/tools | 状态:200 | 耗时:1.5413ms | IP:::1
2026/05/01 03:08:11 [INFO] 请求 | 方法:POST | 路径:/api/history | 状态:500 | 耗时:907.8µs | IP:::1
2026/05/01 03:08:14 [INFO] 请求 | 方法:POST | 路径:/api/history | 状态:500 | 耗时:507.3µs | IP:::1
2026/05/01 03:08:17 [INFO] 请求 | 方法:POST | 路径:/api/history | 状态:500 | 耗时:1.5708ms | IP:::1
2026/05/01 03:08:21 [INFO] 请求 | 方法:POST | 路径:/api/history | 状态:500 | 耗时:516.9µs | IP:::1
2026/05/01 03:08:21 [INFO] 请求 | 方法:GET | 路径:/json/csv | 状态:200 | 耗时:1.2884ms | IP:::1
2026/05/01 03:08:21 [INFO] 请求 | 方法:GET | 路径:/@vite/client | 状态:404 | 耗时:0s | IP:::1
2026/05/01 03:08:24 [INFO] 请求 | 方法:GET | 路径:/js/main.js | 状态:304 | 耗时:0s | IP:::1
2026/05/01 03:08:24 [INFO] 请求 | 方法:GET | 路径:/data.json | 状态:304 | 耗时:1.5098ms | IP:::1
2026/05/01 03:08:24 [INFO] 请求 | 方法:GET | 路径:/@vite/client | 状态:404 | 耗时:0s | IP:::1
2026/05/01 03:08:24 [INFO] 请求 | 方法:GET | 路径:/api/admin/favorites | 状态:200 | 耗时:1.0415ms | IP:::1
2026/05/01 03:08:58 [INFO] 请求 | 方法:POST | 路径:/api/history | 状态:500 | 耗时:1.11ms | IP:::1
2026/05/01 03:09:47 [INFO] 请求 | 方法:GET | 路径:/api/tools | 状态:200 | 耗时:2.5985ms | IP:::1
2026/05/01 03:10:22 [INFO] 请求 | 方法:POST | 路径:/api/login | 状态:200 | 耗时:53.8274ms | IP:::1
2026/05/01 03:10:22 [INFO] 请求 | 方法:PUT | 路径:/api/admin/tools/611 | 状态:200 | 耗时:3.0256ms | IP:::1
2026/05/01 03:10:22 [INFO] 请求 | 方法:PUT | 路径:/api/admin/tools/616 | 状态:200 | 耗时:1.9109ms | IP:::1
2026/05/01 03:11:11 [INFO] 请求 | 方法:POST | 路径:/api/login | 状态:200 | 耗时:51.9667ms | IP:::1
2026/05/01 03:11:11 [INFO] 请求 | 方法:POST | 路径:/api/admin/generate-static-data | 状态:200 | 耗时:3.1429ms | IP:::1
2026/05/01 03:11:43 [INFO] 请求 | 方法:GET | 路径:/ | 状态:304 | 耗时:0s | IP:::1
2026/05/01 03:11:43 [INFO] 请求 | 方法:GET | 路径:/css/style.css | 状态:304 | 耗时:0s | IP:::1
2026/05/01 03:11:43 [INFO] 请求 | 方法:GET | 路径:/js/main.js | 状态:200 | 耗时:507µs | IP:::1
2026/05/01 03:11:43 [INFO] 请求 | 方法:GET | 路径:/data.json | 状态:200 | 耗时:787.2µs | IP:::1
2026/05/01 03:12:03 [INFO] 请求 | 方法:GET | 路径:/json/format | 状态:200 | 耗时:578.2µs | IP:::1
2026/05/01 03:13:18 [INFO] 请求 | 方法:GET | 路径:/js/main.js | 状态:304 | 耗时:1.0508ms | IP:::1
2026/05/01 03:13:18 [INFO] 请求 | 方法:GET | 路径:/data.json | 状态:304 | 耗时:0s | IP:::1
2026/05/01 03:13:49 [INFO] 请求 | 方法:GET | 路径:/ | 状态:200 | 耗时:663.5µs | IP:::1
2026/05/01 03:14:05 [INFO] 请求 | 方法:GET | 路径:/ | 状态:200 | 耗时:506.3µs | IP:::1
2026/05/01 03:14:05 [INFO] 请求 | 方法:GET | 路径:/css/style.css | 状态:200 | 耗时:524.5µs | IP:::1
2026/05/01 03:14:05 [INFO] 请求 | 方法:GET | 路径:/js/main.js | 状态:200 | 耗时:1.05ms | IP:::1
2026/05/01 03:14:05 [INFO] 请求 | 方法:GET | 路径:/data.json | 状态:200 | 耗时:1.0073ms | IP:::1
2026/05/01 03:14:29 [INFO] 请求 | 方法:GET | 路径:/json/format | 状态:200 | 耗时:504.5µs | IP:::1
2026/05/01 03:14:39 [INFO] 请求 | 方法:GET | 路径:/api/tools | 状态:200 | 耗时:2.3207ms | IP:::1
2026/05/01 03:15:04 [INFO] 日志系统初始化完成
2026/05/01 03:15:04 [INFO] 数据库连接成功，表结构已自动迁移
2026/05/01 03:15:04 [INFO] 管理员账号已存在: admin
2026/05/01 03:15:04 [INFO] 数据已存在，跳过从CSV加载
2026/05/01 03:15:04 [INFO] 服务启动成功，监听端口: 8080
2026/05/01 03:15:04 [FATAL] 服务运行失败: listen tcp :8080: bind: Only one usage of each socket address (protocol/network address/port) is normally permitted.
2026/05/01 03:15:17 [INFO] 请求 | 方法:POST | 路径:/api/login | 状态:200 | 耗时:51.5202ms | IP:::1
2026/05/01 03:15:17 [INFO] 请求 | 方法:POST | 路径:/api/admin/generate-static-data | 状态:200 | 耗时:3.5167ms | IP:::1
2026/05/01 03:15:51 [INFO] 请求 | 方法:GET | 路径:/js/main.js | 状态:304 | 耗时:556.9µs | IP:::1
2026/05/01 03:15:51 [INFO] 请求 | 方法:GET | 路径:/data.json | 状态:200 | 耗时:859.5µs | IP:::1
2026/05/01 03:15:59 [INFO] 请求 | 方法:GET | 路径:/data.json | 状态:304 | 耗时:0s | IP:::1
2026/05/01 03:16:30 [INFO] 请求 | 方法:GET | 路径:/api/tools | 状态:200 | 耗时:1.6498ms | IP:::1
2026/05/01 03:16:46 [INFO] 请求 | 方法:POST | 路径:/api/login | 状态:200 | 耗时:53.9055ms | IP:::1
2026/05/01 03:16:46 [INFO] 强制从CSV重新加载数据...
2026/05/01 03:16:46 [INFO] CSV数据强制重新加载完成！
2026/05/01 03:16:46 [INFO] 请求 | 方法:POST | 路径:/api/admin/reload-csv | 状态:200 | 耗时:107.6839ms | IP:::1
2026/05/01 03:16:57 [INFO] 请求 | 方法:GET | 路径:/api/tools | 状态:200 | 耗时:2.0797ms | IP:::1
2026/05/01 03:17:08 [INFO] 请求 | 方法:POST | 路径:/api/login | 状态:200 | 耗时:52.376ms | IP:::1
2026/05/01 03:17:09 [INFO] 请求 | 方法:POST | 路径:/api/admin/generate-static-data | 状态:200 | 耗时:3.9221ms | IP:::1
2026/05/01 03:17:25 [INFO] 请求 | 方法:GET | 路径:/），Base64工具就会出现在「开发工具」分类中了！点击后会显示完整的Base64编解码功能界面。🎉 | 状态:404 | 耗时:0s | IP:::1
2026/05/01 03:17:25 [INFO] 请求 | 方法:GET | 路径:/@vite/client | 状态:404 | 耗时:0s | IP:::1
2026/05/01 03:17:45 [INFO] 日志系统初始化完成
2026/05/01 03:17:45 [INFO] 数据库连接成功，表结构已自动迁移
2026/05/01 03:17:45 [INFO] 管理员账号已存在: admin
2026/05/01 03:17:45 [INFO] 数据已存在，跳过从CSV加载
2026/05/01 03:17:45 [INFO] 服务启动成功，监听端口: 8080
2026/05/01 03:17:53 [INFO] 请求 | 方法:GET | 路径:/），Base64工具就会出现在「开发工具」分类中了！点击后会显示完整的Base64编解码功能界面。🎉 | 状态:404 | 耗时:0s | IP:::1
2026/05/01 03:17:53 [INFO] 请求 | 方法:GET | 路径:/@vite/client | 状态:404 | 耗时:0s | IP:::1
2026/05/01 03:18:00 [INFO] 请求 | 方法:GET | 路径:/），Base64工具就会出现在「开发工具」分类中了！点击后会显示完整的Base64编解码功能界面。🎉 | 状态:404 | 耗时:0s | IP:::1
2026/05/01 03:18:00 [INFO] 请求 | 方法:GET | 路径:/@vite/client | 状态:404 | 耗时:0s | IP:::1
2026/05/01 03:18:03 [INFO] 请求 | 方法:GET | 路径:/），Base64工具就会出现在「开发工具」分类中了！点击后会显示完整的Base64编解码功能界面。🎉 | 状态:404 | 耗时:0s | IP:::1
2026/05/01 03:18:03 [INFO] 请求 | 方法:GET | 路径:/@vite/client | 状态:404 | 耗时:0s | IP:::1
2026/05/01 03:18:08 [INFO] 请求 | 方法:GET | 路径:/），Base64工具就会出现在「开发工具」分类中了！点击后会显示完整的Base64编解码功能界面。🎉 | 状态:404 | 耗时:0s | IP:::1
2026/05/01 03:18:08 [INFO] 请求 | 方法:GET | 路径:/@vite/client | 状态:404 | 耗时:0s | IP:::1
2026/05/01 03:18:09 [INFO] 请求 | 方法:GET | 路径:/），Base64工具就会出现在「开发工具」分类中了！点击后会显示完整的Base64编解码功能界面。🎉 | 状态:404 | 耗时:0s | IP:::1
2026/05/01 03:18:09 [INFO] 请求 | 方法:GET | 路径:/@vite/client | 状态:404 | 耗时:0s | IP:::1
2026/05/01 03:18:18 [INFO] 请求 | 方法:GET | 路径:/js/main.js | 状态:304 | 耗时:503.4µs | IP:::1
2026/05/01 03:18:18 [INFO] 请求 | 方法:GET | 路径:/data.json | 状态:200 | 耗时:42.8946ms | IP:::1
2026/05/01 03:18:45 [INFO] 请求 | 方法:GET | 路径:/data.json | 状态:304 | 耗时:0s | IP:::1
2026/05/01 03:22:07 [INFO] 请求 | 方法:POST | 路径:/api/login | 状态:200 | 耗时:53.9739ms | IP:::1
2026/05/01 03:22:07 [INFO] 请求 | 方法:PUT | 路径:/api/admin/tools/669 | 状态:200 | 耗时:16.2882ms | IP:::1
2026/05/01 03:22:19 [INFO] 请求 | 方法:GET | 路径:/api/tools | 状态:200 | 耗时:1.5737ms | IP:::1
2026/05/01 03:22:33 [INFO] 请求 | 方法:POST | 路径:/api/login | 状态:200 | 耗时:53.0979ms | IP:::1
2026/05/01 03:22:33 [INFO] 请求 | 方法:PUT | 路径:/api/admin/tools/669 | 状态:200 | 耗时:2.9041ms | IP:::1
2026/05/01 03:24:17 [INFO] 日志系统初始化完成
2026/05/01 03:24:17 [INFO] 数据库连接成功，表结构已自动迁移
2026/05/01 03:24:17 [INFO] 管理员账号已存在: admin
2026/05/01 03:24:17 [INFO] 数据已存在，跳过从CSV加载
2026/05/01 03:24:17 [INFO] 服务启动成功，监听端口: 8080
2026/05/01 03:24:29 [INFO] 请求 | 方法:GET | 路径:/ | 状态:200 | 耗时:46.1633ms | IP:::1
2026/05/01 03:24:29 [INFO] 请求 | 方法:GET | 路径:/css/style.css | 状态:200 | 耗时:0s | IP:::1
2026/05/01 03:24:29 [INFO] 请求 | 方法:GET | 路径:/js/main.js | 状态:200 | 耗时:580.5µs | IP:::1
2026/05/01 03:24:29 [INFO] 请求 | 方法:GET | 路径:/data.json | 状态:200 | 耗时:623.1µs | IP:::1
2026/05/01 03:24:33 [INFO] 请求 | 方法:GET | 路径:/json/format | 状态:200 | 耗时:0s | IP:::1
2026/05/01 03:27:44 [INFO] 请求 | 方法:GET | 路径:/ | 状态:200 | 耗时:625.8µs | IP:::1
2026/05/01 03:27:44 [INFO] 请求 | 方法:GET | 路径:/css/style.css | 状态:200 | 耗时:0s | IP:::1
2026/05/01 03:27:44 [INFO] 请求 | 方法:GET | 路径:/js/main.js | 状态:200 | 耗时:509.4µs | IP:::1
2026/05/01 03:27:44 [INFO] 请求 | 方法:GET | 路径:/data.json | 状态:200 | 耗时:0s | IP:::1
2026/05/01 03:27:48 [INFO] 请求 | 方法:GET | 路径:/json/format | 状态:200 | 耗时:1.0077ms | IP:::1
2026/05/01 03:28:09 [INFO] 请求 | 方法:GET | 路径:/ | 状态:200 | 耗时:714.5µs | IP:::1
2026/05/01 03:28:09 [INFO] 请求 | 方法:GET | 路径:/css/style.css | 状态:200 | 耗时:505.9µs | IP:::1
2026/05/01 03:28:09 [INFO] 请求 | 方法:GET | 路径:/js/main.js | 状态:200 | 耗时:1.0014ms | IP:::1
2026/05/01 03:28:09 [INFO] 请求 | 方法:GET | 路径:/data.json | 状态:200 | 耗时:0s | IP:::1
2026/05/01 03:28:13 [INFO] 请求 | 方法:GET | 路径:/json/format | 状态:200 | 耗时:0s | IP:::1
2026/05/01 03:28:58 [INFO] 请求 | 方法:GET | 路径:/json/format | 状态:304 | 耗时:663.3µs | IP:::1
2026/05/01 03:29:06 [INFO] 请求 | 方法:GET | 路径:/tool | 状态:200 | 耗时:0s | IP:::1
2026/05/01 03:29:20 [INFO] 请求 | 方法:GET | 路径:/json/format | 状态:304 | 耗时:0s | IP:::1
